<?xml version="1.0" encoding="UTF-8"?>
<testsuite name="com.example.lesson3.repository.UserRepositoryTest" tests="1" skipped="0" failures="0" errors="0" timestamp="2025-10-14T02:44:55.440Z" hostname="DEVNTA008" time="0.054">
  <properties/>
  <testcase name="testFindByEmail()" classname="com.example.lesson3.repository.UserRepositoryTest" time="0.054"/>
  <system-out><![CDATA[2025-10-14 09:44:55.430  INFO 8652 --- [    Test worker] .b.t.c.SpringBootTestContextBootstrapper : Neither @ContextConfiguration nor @ContextHierarchy found for test class [com.example.lesson3.repository.UserRepositoryTest], using SpringBootContextLoader
2025-10-14 09:44:55.430  INFO 8652 --- [    Test worker] o.s.t.c.support.AbstractContextLoader    : Could not detect default resource locations for test class [com.example.lesson3.repository.UserRepositoryTest]: no resource found for suffixes {-context.xml, Context.groovy}.
2025-10-14 09:44:55.431  INFO 8652 --- [    Test worker] t.c.s.AnnotationConfigContextLoaderUtils : Could not detect default configuration classes for test class [com.example.lesson3.repository.UserRepositoryTest]: UserRepositoryTest does not declare any static, non-private, non-final, nested classes annotated with @Configuration.
2025-10-14 09:44:55.433  INFO 8652 --- [    Test worker] .b.t.c.SpringBootTestContextBootstrapper : Found @SpringBootConfiguration com.example.lesson3.Lesson3Application for test class com.example.lesson3.repository.UserRepositoryTest
2025-10-14 09:44:55.435  INFO 8652 --- [    Test worker] .b.t.c.SpringBootTestContextBootstrapper : Loaded default TestExecutionListener class names from location [META-INF/spring.factories]: [org.springframework.boot.test.autoconfigure.restdocs.RestDocsTestExecutionListener, org.springframework.boot.test.autoconfigure.web.client.MockRestServiceServerResetTestExecutionListener, org.springframework.boot.test.autoconfigure.web.servlet.MockMvcPrintOnlyOnFailureTestExecutionListener, org.springframework.boot.test.autoconfigure.web.servlet.WebDriverTestExecutionListener, org.springframework.boot.test.autoconfigure.webservices.client.MockWebServiceServerTestExecutionListener, org.springframework.boot.test.mock.mockito.MockitoTestExecutionListener, org.springframework.boot.test.mock.mockito.ResetMocksTestExecutionListener, org.springframework.test.context.web.ServletTestExecutionListener, org.springframework.test.context.support.DirtiesContextBeforeModesTestExecutionListener, org.springframework.test.context.event.ApplicationEventsTestExecutionListener, org.springframework.test.context.support.DependencyInjectionTestExecutionListener, org.springframework.test.context.support.DirtiesContextTestExecutionListener, org.springframework.test.context.transaction.TransactionalTestExecutionListener, org.springframework.test.context.jdbc.SqlScriptsTestExecutionListener, org.springframework.test.context.event.EventPublishingTestExecutionListener]
2025-10-14 09:44:55.436  INFO 8652 --- [    Test worker] .b.t.c.SpringBootTestContextBootstrapper : Using TestExecutionListeners: [org.springframework.test.context.web.ServletTestExecutionListener@2f4c83f1, org.springframework.test.context.support.DirtiesContextBeforeModesTestExecutionListener@5a90ea5c, org.springframework.test.context.event.ApplicationEventsTestExecutionListener@537e52de, org.springframework.boot.test.mock.mockito.MockitoTestExecutionListener@59eff566, org.springframework.boot.test.autoconfigure.SpringBootDependencyInjectionTestExecutionListener@1277a6a1, org.springframework.test.context.support.DirtiesContextTestExecutionListener@4fe87cb9, org.springframework.test.context.transaction.TransactionalTestExecutionListener@6e212f38, org.springframework.test.context.jdbc.SqlScriptsTestExecutionListener@4843b35f, org.springframework.test.context.event.EventPublishingTestExecutionListener@672e4658, org.springframework.boot.test.autoconfigure.restdocs.RestDocsTestExecutionListener@6bafe3b0, org.springframework.boot.test.autoconfigure.web.client.MockRestServiceServerResetTestExecutionListener@c105912, org.springframework.boot.test.autoconfigure.web.servlet.MockMvcPrintOnlyOnFailureTestExecutionListener@591cda84, org.springframework.boot.test.autoconfigure.web.servlet.WebDriverTestExecutionListener@4c954b79, org.springframework.boot.test.autoconfigure.webservices.client.MockWebServiceServerTestExecutionListener@58338338, org.springframework.boot.test.mock.mockito.ResetMocksTestExecutionListener@56e589e5]
? Hello from test!
]]></system-out>
  <system-err><![CDATA[]]></system-err>
</testsuite>
