<?xml version="1.0" encoding="UTF-8"?>
<testsuite name="com.example.lesson3.service.UserServiceTest" tests="7" skipped="0" failures="0" errors="0" timestamp="2025-10-15T07:55:50.533Z" hostname="DEVNTA008" time="0.254">
  <properties/>
  <testcase name="testAuthenticateSuccess()" classname="com.example.lesson3.service.UserServiceTest" time="0.029"/>
  <testcase name="testAuthenticateFailure()" classname="com.example.lesson3.service.UserServiceTest" time="0.008"/>
  <testcase name="testGetAllUsers()" classname="com.example.lesson3.service.UserServiceTest" time="0.01"/>
  <testcase name="testUpdateUser()" classname="com.example.lesson3.service.UserServiceTest" time="0.011"/>
  <testcase name="testCreateUser()" classname="com.example.lesson3.service.UserServiceTest" time="0.168"/>
  <testcase name="testDeleteUser()" classname="com.example.lesson3.service.UserServiceTest" time="0.005"/>
  <testcase name="testGetUserById()" classname="com.example.lesson3.service.UserServiceTest" time="0.007"/>
  <system-out><![CDATA[2025-10-15 14:55:50.474  INFO 22988 --- [    Test worker] .b.t.c.SpringBootTestContextBootstrapper : Neither @ContextConfiguration nor @ContextHierarchy found for test class [com.example.lesson3.service.UserServiceTest], using SpringBootContextLoader
2025-10-15 14:55:50.477  INFO 22988 --- [    Test worker] o.s.t.c.support.AbstractContextLoader    : Could not detect default resource locations for test class [com.example.lesson3.service.UserServiceTest]: no resource found for suffixes {-context.xml, Context.groovy}.
2025-10-15 14:55:50.479  INFO 22988 --- [    Test worker] t.c.s.AnnotationConfigContextLoaderUtils : Could not detect default configuration classes for test class [com.example.lesson3.service.UserServiceTest]: UserServiceTest does not declare any static, non-private, non-final, nested classes annotated with @Configuration.
2025-10-15 14:55:50.482  INFO 22988 --- [    Test worker] .b.t.c.SpringBootTestContextBootstrapper : Found @SpringBootConfiguration com.example.lesson3.Lesson3Application for test class com.example.lesson3.service.UserServiceTest
2025-10-15 14:55:50.486  INFO 22988 --- [    Test worker] .b.t.c.SpringBootTestContextBootstrapper : Loaded default TestExecutionListener class names from location [META-INF/spring.factories]: [org.springframework.boot.test.autoconfigure.restdocs.RestDocsTestExecutionListener, org.springframework.boot.test.autoconfigure.web.client.MockRestServiceServerResetTestExecutionListener, org.springframework.boot.test.autoconfigure.web.servlet.MockMvcPrintOnlyOnFailureTestExecutionListener, org.springframework.boot.test.autoconfigure.web.servlet.WebDriverTestExecutionListener, org.springframework.boot.test.autoconfigure.webservices.client.MockWebServiceServerTestExecutionListener, org.springframework.boot.test.mock.mockito.MockitoTestExecutionListener, org.springframework.boot.test.mock.mockito.ResetMocksTestExecutionListener, org.springframework.test.context.web.ServletTestExecutionListener, org.springframework.test.context.support.DirtiesContextBeforeModesTestExecutionListener, org.springframework.test.context.event.ApplicationEventsTestExecutionListener, org.springframework.test.context.support.DependencyInjectionTestExecutionListener, org.springframework.test.context.support.DirtiesContextTestExecutionListener, org.springframework.test.context.transaction.TransactionalTestExecutionListener, org.springframework.test.context.jdbc.SqlScriptsTestExecutionListener, org.springframework.test.context.event.EventPublishingTestExecutionListener]
2025-10-15 14:55:50.487  INFO 22988 --- [    Test worker] .b.t.c.SpringBootTestContextBootstrapper : Using TestExecutionListeners: [org.springframework.test.context.web.ServletTestExecutionListener@4221663d, org.springframework.test.context.support.DirtiesContextBeforeModesTestExecutionListener@3ebfe048, org.springframework.test.context.event.ApplicationEventsTestExecutionListener@5e24af83, org.springframework.boot.test.mock.mockito.MockitoTestExecutionListener@34329e03, org.springframework.boot.test.autoconfigure.SpringBootDependencyInjectionTestExecutionListener@7d6b0636, org.springframework.test.context.support.DirtiesContextTestExecutionListener@3c971473, org.springframework.test.context.transaction.TransactionalTestExecutionListener@47b4fcd5, org.springframework.test.context.jdbc.SqlScriptsTestExecutionListener@67d6b0a6, org.springframework.test.context.event.EventPublishingTestExecutionListener@42a940dc, org.springframework.boot.test.autoconfigure.restdocs.RestDocsTestExecutionListener@4619e076, org.springframework.boot.test.autoconfigure.web.client.MockRestServiceServerResetTestExecutionListener@26abee34, org.springframework.boot.test.autoconfigure.web.servlet.MockMvcPrintOnlyOnFailureTestExecutionListener@74aa29c7, org.springframework.boot.test.autoconfigure.web.servlet.WebDriverTestExecutionListener@7c8d382e, org.springframework.boot.test.autoconfigure.webservices.client.MockWebServiceServerTestExecutionListener@751e7d99, org.springframework.boot.test.mock.mockito.ResetMocksTestExecutionListener@c3df740]
Authentication error: Bad credentials
?? testCreateUser is running...
Original password: plainpass
Hashed password: $2a$10$RsHF.FzlVhrPtRgY0.xO3.GpeyCUmMKq4m7Rin39E0h2iU277wUt.
Original password: plainpass
Hashed password: $2a$10$cmpccLJdkMsPZ3dHgrmNpOM8Dl0rrYf1j0cbLhfsq8PIUd0Ds.dU6
]]></system-out>
  <system-err><![CDATA[]]></system-err>
</testsuite>
