<?xml version="1.0" encoding="UTF-8"?>
<testsuite name="com.example.lesson3.repository.StoreRepositoryTest" tests="1" skipped="0" failures="0" errors="0" timestamp="2025-10-14T02:44:55.366Z" hostname="DEVNTA008" time="0.061">
  <properties/>
  <testcase name="testQueries()" classname="com.example.lesson3.repository.StoreRepositoryTest" time="0.061"/>
  <system-out><![CDATA[2025-10-14 09:44:55.356  INFO 8652 --- [    Test worker] .b.t.c.SpringBootTestContextBootstrapper : Neither @ContextConfiguration nor @ContextHierarchy found for test class [com.example.lesson3.repository.StoreRepositoryTest], using SpringBootContextLoader
2025-10-14 09:44:55.357  INFO 8652 --- [    Test worker] o.s.t.c.support.AbstractContextLoader    : Could not detect default resource locations for test class [com.example.lesson3.repository.StoreRepositoryTest]: no resource found for suffixes {-context.xml, Context.groovy}.
2025-10-14 09:44:55.358  INFO 8652 --- [    Test worker] t.c.s.AnnotationConfigContextLoaderUtils : Could not detect default configuration classes for test class [com.example.lesson3.repository.StoreRepositoryTest]: StoreRepositoryTest does not declare any static, non-private, non-final, nested classes annotated with @Configuration.
2025-10-14 09:44:55.359  INFO 8652 --- [    Test worker] .b.t.c.SpringBootTestContextBootstrapper : Found @SpringBootConfiguration com.example.lesson3.Lesson3Application for test class com.example.lesson3.repository.StoreRepositoryTest
2025-10-14 09:44:55.361  INFO 8652 --- [    Test worker] .b.t.c.SpringBootTestContextBootstrapper : Loaded default TestExecutionListener class names from location [META-INF/spring.factories]: [org.springframework.boot.test.autoconfigure.restdocs.RestDocsTestExecutionListener, org.springframework.boot.test.autoconfigure.web.client.MockRestServiceServerResetTestExecutionListener, org.springframework.boot.test.autoconfigure.web.servlet.MockMvcPrintOnlyOnFailureTestExecutionListener, org.springframework.boot.test.autoconfigure.web.servlet.WebDriverTestExecutionListener, org.springframework.boot.test.autoconfigure.webservices.client.MockWebServiceServerTestExecutionListener, org.springframework.boot.test.mock.mockito.MockitoTestExecutionListener, org.springframework.boot.test.mock.mockito.ResetMocksTestExecutionListener, org.springframework.test.context.web.ServletTestExecutionListener, org.springframework.test.context.support.DirtiesContextBeforeModesTestExecutionListener, org.springframework.test.context.event.ApplicationEventsTestExecutionListener, org.springframework.test.context.support.DependencyInjectionTestExecutionListener, org.springframework.test.context.support.DirtiesContextTestExecutionListener, org.springframework.test.context.transaction.TransactionalTestExecutionListener, org.springframework.test.context.jdbc.SqlScriptsTestExecutionListener, org.springframework.test.context.event.EventPublishingTestExecutionListener]
2025-10-14 09:44:55.362  INFO 8652 --- [    Test worker] .b.t.c.SpringBootTestContextBootstrapper : Using TestExecutionListeners: [org.springframework.test.context.web.ServletTestExecutionListener@3285c141, org.springframework.test.context.support.DirtiesContextBeforeModesTestExecutionListener@440d45c5, org.springframework.test.context.event.ApplicationEventsTestExecutionListener@6b862f17, org.springframework.boot.test.mock.mockito.MockitoTestExecutionListener@7e3b101b, org.springframework.boot.test.autoconfigure.SpringBootDependencyInjectionTestExecutionListener@62284954, org.springframework.test.context.support.DirtiesContextTestExecutionListener@4ca50bb9, org.springframework.test.context.transaction.TransactionalTestExecutionListener@16817bad, org.springframework.test.context.jdbc.SqlScriptsTestExecutionListener@301c0aae, org.springframework.test.context.event.EventPublishingTestExecutionListener@105e8710, org.springframework.boot.test.autoconfigure.restdocs.RestDocsTestExecutionListener@7442be61, org.springframework.boot.test.autoconfigure.web.client.MockRestServiceServerResetTestExecutionListener@6903ef57, org.springframework.boot.test.autoconfigure.web.servlet.MockMvcPrintOnlyOnFailureTestExecutionListener@399ac1a3, org.springframework.boot.test.autoconfigure.web.servlet.WebDriverTestExecutionListener@5d18a787, org.springframework.boot.test.autoconfigure.webservices.client.MockWebServiceServerTestExecutionListener@3c48bbf3, org.springframework.boot.test.mock.mockito.ResetMocksTestExecutionListener@4ac7927a]
]]></system-out>
  <system-err><![CDATA[]]></system-err>
</testsuite>
