<?xml version="1.0" encoding="UTF-8"?>
<testsuite name="com.example.lesson3.repository.ProductRepositoryTest" tests="1" skipped="0" failures="0" errors="0" timestamp="2025-10-14T02:44:55.276Z" hostname="DEVNTA008" time="0.077">
  <properties/>
  <testcase name="testQueries()" classname="com.example.lesson3.repository.ProductRepositoryTest" time="0.077"/>
  <system-out><![CDATA[2025-10-14 09:44:55.267  INFO 8652 --- [    Test worker] .b.t.c.SpringBootTestContextBootstrapper : Neither @ContextConfiguration nor @ContextHierarchy found for test class [com.example.lesson3.repository.ProductRepositoryTest], using SpringBootContextLoader
2025-10-14 09:44:55.268  INFO 8652 --- [    Test worker] o.s.t.c.support.AbstractContextLoader    : Could not detect default resource locations for test class [com.example.lesson3.repository.ProductRepositoryTest]: no resource found for suffixes {-context.xml, Context.groovy}.
2025-10-14 09:44:55.268  INFO 8652 --- [    Test worker] t.c.s.AnnotationConfigContextLoaderUtils : Could not detect default configuration classes for test class [com.example.lesson3.repository.ProductRepositoryTest]: ProductRepositoryTest does not declare any static, non-private, non-final, nested classes annotated with @Configuration.
2025-10-14 09:44:55.270  INFO 8652 --- [    Test worker] .b.t.c.SpringBootTestContextBootstrapper : Found @SpringBootConfiguration com.example.lesson3.Lesson3Application for test class com.example.lesson3.repository.ProductRepositoryTest
2025-10-14 09:44:55.272  INFO 8652 --- [    Test worker] .b.t.c.SpringBootTestContextBootstrapper : Loaded default TestExecutionListener class names from location [META-INF/spring.factories]: [org.springframework.boot.test.autoconfigure.restdocs.RestDocsTestExecutionListener, org.springframework.boot.test.autoconfigure.web.client.MockRestServiceServerResetTestExecutionListener, org.springframework.boot.test.autoconfigure.web.servlet.MockMvcPrintOnlyOnFailureTestExecutionListener, org.springframework.boot.test.autoconfigure.web.servlet.WebDriverTestExecutionListener, org.springframework.boot.test.autoconfigure.webservices.client.MockWebServiceServerTestExecutionListener, org.springframework.boot.test.mock.mockito.MockitoTestExecutionListener, org.springframework.boot.test.mock.mockito.ResetMocksTestExecutionListener, org.springframework.test.context.web.ServletTestExecutionListener, org.springframework.test.context.support.DirtiesContextBeforeModesTestExecutionListener, org.springframework.test.context.event.ApplicationEventsTestExecutionListener, org.springframework.test.context.support.DependencyInjectionTestExecutionListener, org.springframework.test.context.support.DirtiesContextTestExecutionListener, org.springframework.test.context.transaction.TransactionalTestExecutionListener, org.springframework.test.context.jdbc.SqlScriptsTestExecutionListener, org.springframework.test.context.event.EventPublishingTestExecutionListener]
2025-10-14 09:44:55.274  INFO 8652 --- [    Test worker] .b.t.c.SpringBootTestContextBootstrapper : Using TestExecutionListeners: [org.springframework.test.context.web.ServletTestExecutionListener@2806fe58, org.springframework.test.context.support.DirtiesContextBeforeModesTestExecutionListener@755c29b0, org.springframework.test.context.event.ApplicationEventsTestExecutionListener@3dc70aa0, org.springframework.boot.test.mock.mockito.MockitoTestExecutionListener@39153b05, org.springframework.boot.test.autoconfigure.SpringBootDependencyInjectionTestExecutionListener@26fee641, org.springframework.test.context.support.DirtiesContextTestExecutionListener@32fb4a87, org.springframework.test.context.transaction.TransactionalTestExecutionListener@37ecc472, org.springframework.test.context.jdbc.SqlScriptsTestExecutionListener@27311c99, org.springframework.test.context.event.EventPublishingTestExecutionListener@76ac3ad0, org.springframework.boot.test.autoconfigure.restdocs.RestDocsTestExecutionListener@1e6be9f0, org.springframework.boot.test.autoconfigure.web.client.MockRestServiceServerResetTestExecutionListener@4ff5711b, org.springframework.boot.test.autoconfigure.web.servlet.MockMvcPrintOnlyOnFailureTestExecutionListener@608f79a8, org.springframework.boot.test.autoconfigure.web.servlet.WebDriverTestExecutionListener@77e2a5d3, org.springframework.boot.test.autoconfigure.webservices.client.MockWebServiceServerTestExecutionListener@3687f6b6, org.springframework.boot.test.mock.mockito.ResetMocksTestExecutionListener@521e34d4]
]]></system-out>
  <system-err><![CDATA[]]></system-err>
</testsuite>
