<?xml version="1.0" encoding="UTF-8"?>
<testsuite name="com.example.lesson3.repository.OrderRepositoryTest" tests="1" skipped="0" failures="0" errors="0" timestamp="2025-10-15T07:55:49.452Z" hostname="DEVNTA008" time="0.192">
  <properties/>
  <testcase name="testStatusAndUserQueries()" classname="com.example.lesson3.repository.OrderRepositoryTest" time="0.192"/>
  <system-out><![CDATA[2025-10-15 14:55:49.439  INFO 22988 --- [    Test worker] .b.t.c.SpringBootTestContextBootstrapper : Neither @ContextConfiguration nor @ContextHierarchy found for test class [com.example.lesson3.repository.OrderRepositoryTest], using SpringBootContextLoader
2025-10-15 14:55:49.440  INFO 22988 --- [    Test worker] o.s.t.c.support.AbstractContextLoader    : Could not detect default resource locations for test class [com.example.lesson3.repository.OrderRepositoryTest]: no resource found for suffixes {-context.xml, Context.groovy}.
2025-10-15 14:55:49.441  INFO 22988 --- [    Test worker] t.c.s.AnnotationConfigContextLoaderUtils : Could not detect default configuration classes for test class [com.example.lesson3.repository.OrderRepositoryTest]: OrderRepositoryTest does not declare any static, non-private, non-final, nested classes annotated with @Configuration.
2025-10-15 14:55:49.443  INFO 22988 --- [    Test worker] .b.t.c.SpringBootTestContextBootstrapper : Found @SpringBootConfiguration com.example.lesson3.Lesson3Application for test class com.example.lesson3.repository.OrderRepositoryTest
2025-10-15 14:55:49.447  INFO 22988 --- [    Test worker] .b.t.c.SpringBootTestContextBootstrapper : Loaded default TestExecutionListener class names from location [META-INF/spring.factories]: [org.springframework.boot.test.autoconfigure.restdocs.RestDocsTestExecutionListener, org.springframework.boot.test.autoconfigure.web.client.MockRestServiceServerResetTestExecutionListener, org.springframework.boot.test.autoconfigure.web.servlet.MockMvcPrintOnlyOnFailureTestExecutionListener, org.springframework.boot.test.autoconfigure.web.servlet.WebDriverTestExecutionListener, org.springframework.boot.test.autoconfigure.webservices.client.MockWebServiceServerTestExecutionListener, org.springframework.boot.test.mock.mockito.MockitoTestExecutionListener, org.springframework.boot.test.mock.mockito.ResetMocksTestExecutionListener, org.springframework.test.context.web.ServletTestExecutionListener, org.springframework.test.context.support.DirtiesContextBeforeModesTestExecutionListener, org.springframework.test.context.event.ApplicationEventsTestExecutionListener, org.springframework.test.context.support.DependencyInjectionTestExecutionListener, org.springframework.test.context.support.DirtiesContextTestExecutionListener, org.springframework.test.context.transaction.TransactionalTestExecutionListener, org.springframework.test.context.jdbc.SqlScriptsTestExecutionListener, org.springframework.test.context.event.EventPublishingTestExecutionListener]
2025-10-15 14:55:49.447  INFO 22988 --- [    Test worker] .b.t.c.SpringBootTestContextBootstrapper : Using TestExecutionListeners: [org.springframework.test.context.web.ServletTestExecutionListener@13c36d48, org.springframework.test.context.support.DirtiesContextBeforeModesTestExecutionListener@7e93e396, org.springframework.test.context.event.ApplicationEventsTestExecutionListener@f1e8753, org.springframework.boot.test.mock.mockito.MockitoTestExecutionListener@1676e501, org.springframework.boot.test.autoconfigure.SpringBootDependencyInjectionTestExecutionListener@1ed763aa, org.springframework.test.context.support.DirtiesContextTestExecutionListener@7f39bcb5, org.springframework.test.context.transaction.TransactionalTestExecutionListener@4e6881e, org.springframework.test.context.jdbc.SqlScriptsTestExecutionListener@25192b6e, org.springframework.test.context.event.EventPublishingTestExecutionListener@76d654, org.springframework.boot.test.autoconfigure.restdocs.RestDocsTestExecutionListener@32180efb, org.springframework.boot.test.autoconfigure.web.client.MockRestServiceServerResetTestExecutionListener@20ed6de, org.springframework.boot.test.autoconfigure.web.servlet.MockMvcPrintOnlyOnFailureTestExecutionListener@6ea0dfaa, org.springframework.boot.test.autoconfigure.web.servlet.WebDriverTestExecutionListener@5852605c, org.springframework.boot.test.autoconfigure.webservices.client.MockWebServiceServerTestExecutionListener@2acfd27b, org.springframework.boot.test.mock.mockito.ResetMocksTestExecutionListener@5e8359da]
]]></system-out>
  <system-err><![CDATA[]]></system-err>
</testsuite>
