<?xml version="1.0" encoding="UTF-8"?>
<testsuite name="com.example.lesson3.service.ProductServiceTest" tests="11" skipped="0" failures="0" errors="0" timestamp="2025-10-15T07:55:50.392Z" hostname="DEVNTA008" time="0.041">
  <properties/>
  <testcase name="testFindAllWithFilter_WithStatusOnly()" classname="com.example.lesson3.service.ProductServiceTest" time="0.007"/>
  <testcase name="testFindAllWithFilter_WithKeywordAndStatus()" classname="com.example.lesson3.service.ProductServiceTest" time="0.002"/>
  <testcase name="testDeleteById_NoProductDoesNothing()" classname="com.example.lesson3.service.ProductServiceTest" time="0.002"/>
  <testcase name="testFindAllWithFilter_AllNull()" classname="com.example.lesson3.service.ProductServiceTest" time="0.003"/>
  <testcase name="testFindById()" classname="com.example.lesson3.service.ProductServiceTest" time="0.002"/>
  <testcase name="testDeleteById_WithImageDeletesFileAndRepository()" classname="com.example.lesson3.service.ProductServiceTest" time="0.004"/>
  <testcase name="testFindAllWithFilter_WithKeywordOnly()" classname="com.example.lesson3.service.ProductServiceTest" time="0.002"/>
  <testcase name="testFindByIds()" classname="com.example.lesson3.service.ProductServiceTest" time="0.002"/>
  <testcase name="testFindByStoreId()" classname="com.example.lesson3.service.ProductServiceTest" time="0.001"/>
  <testcase name="testDeleteMultipleProducts_DeletesRepositoryAfterLoop()" classname="com.example.lesson3.service.ProductServiceTest" time="0.004"/>
  <testcase name="testSave_PreservesCreatedAtWhenUpdating()" classname="com.example.lesson3.service.ProductServiceTest" time="0.003"/>
  <system-out><![CDATA[S? l??ng s?n ph?m c?n xóa: 2
?ang x? lý s?n ph?m ID: 1
S?n ph?m không có ?nh
?ang x? lý s?n ph?m ID: 2
S?n ph?m không có ?nh
?ã xóa 2 s?n ph?m kh?i database
]]></system-out>
  <system-err><![CDATA[]]></system-err>
</testsuite>
