<?xml version="1.0" encoding="UTF-8"?>
<testsuite name="com.example.lesson3.repository.OrderItemRepositoryTest" tests="1" skipped="0" failures="0" errors="0" timestamp="2025-10-15T07:55:48.870Z" hostname="DEVNTA008" time="0.564">
  <properties/>
  <testcase name="testFindByOrderId()" classname="com.example.lesson3.repository.OrderItemRepositoryTest" time="0.564"/>
  <system-out><![CDATA[2025-10-15 14:55:48.829  INFO 22988 --- [    Test worker] .b.t.c.SpringBootTestContextBootstrapper : Neither @ContextConfiguration nor @ContextHierarchy found for test class [com.example.lesson3.repository.OrderItemRepositoryTest], using SpringBootContextLoader
2025-10-15 14:55:48.830  INFO 22988 --- [    Test worker] o.s.t.c.support.AbstractContextLoader    : Could not detect default resource locations for test class [com.example.lesson3.repository.OrderItemRepositoryTest]: no resource found for suffixes {-context.xml, Context.groovy}.
2025-10-15 14:55:48.831  INFO 22988 --- [    Test worker] t.c.s.AnnotationConfigContextLoaderUtils : Could not detect default configuration classes for test class [com.example.lesson3.repository.OrderItemRepositoryTest]: OrderItemRepositoryTest does not declare any static, non-private, non-final, nested classes annotated with @Configuration.
2025-10-15 14:55:48.854  INFO 22988 --- [    Test worker] .b.t.c.SpringBootTestContextBootstrapper : Found @SpringBootConfiguration com.example.lesson3.Lesson3Application for test class com.example.lesson3.repository.OrderItemRepositoryTest
2025-10-15 14:55:48.856  INFO 22988 --- [    Test worker] .b.t.c.SpringBootTestContextBootstrapper : Loaded default TestExecutionListener class names from location [META-INF/spring.factories]: [org.springframework.boot.test.autoconfigure.restdocs.RestDocsTestExecutionListener, org.springframework.boot.test.autoconfigure.web.client.MockRestServiceServerResetTestExecutionListener, org.springframework.boot.test.autoconfigure.web.servlet.MockMvcPrintOnlyOnFailureTestExecutionListener, org.springframework.boot.test.autoconfigure.web.servlet.WebDriverTestExecutionListener, org.springframework.boot.test.autoconfigure.webservices.client.MockWebServiceServerTestExecutionListener, org.springframework.boot.test.mock.mockito.MockitoTestExecutionListener, org.springframework.boot.test.mock.mockito.ResetMocksTestExecutionListener, org.springframework.test.context.web.ServletTestExecutionListener, org.springframework.test.context.support.DirtiesContextBeforeModesTestExecutionListener, org.springframework.test.context.event.ApplicationEventsTestExecutionListener, org.springframework.test.context.support.DependencyInjectionTestExecutionListener, org.springframework.test.context.support.DirtiesContextTestExecutionListener, org.springframework.test.context.transaction.TransactionalTestExecutionListener, org.springframework.test.context.jdbc.SqlScriptsTestExecutionListener, org.springframework.test.context.event.EventPublishingTestExecutionListener]
2025-10-15 14:55:48.857  INFO 22988 --- [    Test worker] .b.t.c.SpringBootTestContextBootstrapper : Using TestExecutionListeners: [org.springframework.test.context.web.ServletTestExecutionListener@5481001f, org.springframework.test.context.support.DirtiesContextBeforeModesTestExecutionListener@5581e273, org.springframework.test.context.event.ApplicationEventsTestExecutionListener@475c2f47, org.springframework.boot.test.mock.mockito.MockitoTestExecutionListener@10806dbe, org.springframework.boot.test.autoconfigure.SpringBootDependencyInjectionTestExecutionListener@4c5d1649, org.springframework.test.context.support.DirtiesContextTestExecutionListener@1695f7cb, org.springframework.test.context.transaction.TransactionalTestExecutionListener@3095c449, org.springframework.test.context.jdbc.SqlScriptsTestExecutionListener@236bb278, org.springframework.test.context.event.EventPublishingTestExecutionListener@7200702, org.springframework.boot.test.autoconfigure.restdocs.RestDocsTestExecutionListener@3eb29382, org.springframework.boot.test.autoconfigure.web.client.MockRestServiceServerResetTestExecutionListener@209baf91, org.springframework.boot.test.autoconfigure.web.servlet.MockMvcPrintOnlyOnFailureTestExecutionListener@5e1d3188, org.springframework.boot.test.autoconfigure.web.servlet.WebDriverTestExecutionListener@5982255e, org.springframework.boot.test.autoconfigure.webservices.client.MockWebServiceServerTestExecutionListener@7306836f, org.springframework.boot.test.mock.mockito.ResetMocksTestExecutionListener@e9c5db9]
]]></system-out>
  <system-err><![CDATA[]]></system-err>
</testsuite>
