<?xml version="1.0" encoding="UTF-8"?>
<testsuite name="com.example.lesson3.service.StoreServiceTest" tests="10" skipped="0" failures="0" errors="0" timestamp="2025-10-14T02:44:55.935Z" hostname="DEVNTA008" time="0.029">
  <properties/>
  <testcase name="testDeleteMultipleStores()" classname="com.example.lesson3.service.StoreServiceTest" time="0.004"/>
  <testcase name="testFindById()" classname="com.example.lesson3.service.StoreServiceTest" time="0.001"/>
  <testcase name="testDeleteStore_WhenExists()" classname="com.example.lesson3.service.StoreServiceTest" time="0.002"/>
  <testcase name="testGetAllStores()" classname="com.example.lesson3.service.StoreServiceTest" time="0.003"/>
  <testcase name="testSaveStore()" classname="com.example.lesson3.service.StoreServiceTest" time="0.003"/>
  <testcase name="testFindAllWithFilter_StatusOnly()" classname="com.example.lesson3.service.StoreServiceTest" time="0.002"/>
  <testcase name="testFindAllWithFilter_None()" classname="com.example.lesson3.service.StoreServiceTest" time="0.004"/>
  <testcase name="testDeleteStore_WhenNotExists()" classname="com.example.lesson3.service.StoreServiceTest" time="0.002"/>
  <testcase name="testFindAllWithFilter_KeywordOnly()" classname="com.example.lesson3.service.StoreServiceTest" time="0.002"/>
  <testcase name="testFindAllWithFilter_KeywordAndStatus()" classname="com.example.lesson3.service.StoreServiceTest" time="0.001"/>
  <system-out><![CDATA[S? l??ng c?a hàng c?n xóa: 2
?ang x? lý c?a hàng ID: 1
C?a hàng không có ?nh
?ang x? lý c?a hàng ID: 2
C?a hàng không có ?nh
?ã xóa 2 c?a hàng kh?i database
]]></system-out>
  <system-err><![CDATA[]]></system-err>
</testsuite>
