<?xml version="1.0" encoding="UTF-8"?>
<testsuite name="com.example.lesson3.repository.OrderItemRepositoryTest" tests="1" skipped="0" failures="0" errors="0" timestamp="2025-10-14T02:44:54.813Z" hostname="DEVNTA008" time="0.334">
  <properties/>
  <testcase name="testFindByOrderId()" classname="com.example.lesson3.repository.OrderItemRepositoryTest" time="0.334"/>
  <system-out><![CDATA[2025-10-14 09:44:54.783  INFO 8652 --- [    Test worker] .b.t.c.SpringBootTestContextBootstrapper : Neither @ContextConfiguration nor @ContextHierarchy found for test class [com.example.lesson3.repository.OrderItemRepositoryTest], using SpringBootContextLoader
2025-10-14 09:44:54.784  INFO 8652 --- [    Test worker] o.s.t.c.support.AbstractContextLoader    : Could not detect default resource locations for test class [com.example.lesson3.repository.OrderItemRepositoryTest]: no resource found for suffixes {-context.xml, Context.groovy}.
2025-10-14 09:44:54.784  INFO 8652 --- [    Test worker] t.c.s.AnnotationConfigContextLoaderUtils : Could not detect default configuration classes for test class [com.example.lesson3.repository.OrderItemRepositoryTest]: OrderItemRepositoryTest does not declare any static, non-private, non-final, nested classes annotated with @Configuration.
2025-10-14 09:44:54.800  INFO 8652 --- [    Test worker] .b.t.c.SpringBootTestContextBootstrapper : Found @SpringBootConfiguration com.example.lesson3.Lesson3Application for test class com.example.lesson3.repository.OrderItemRepositoryTest
2025-10-14 09:44:54.803  INFO 8652 --- [    Test worker] .b.t.c.SpringBootTestContextBootstrapper : Loaded default TestExecutionListener class names from location [META-INF/spring.factories]: [org.springframework.boot.test.autoconfigure.restdocs.RestDocsTestExecutionListener, org.springframework.boot.test.autoconfigure.web.client.MockRestServiceServerResetTestExecutionListener, org.springframework.boot.test.autoconfigure.web.servlet.MockMvcPrintOnlyOnFailureTestExecutionListener, org.springframework.boot.test.autoconfigure.web.servlet.WebDriverTestExecutionListener, org.springframework.boot.test.autoconfigure.webservices.client.MockWebServiceServerTestExecutionListener, org.springframework.boot.test.mock.mockito.MockitoTestExecutionListener, org.springframework.boot.test.mock.mockito.ResetMocksTestExecutionListener, org.springframework.test.context.web.ServletTestExecutionListener, org.springframework.test.context.support.DirtiesContextBeforeModesTestExecutionListener, org.springframework.test.context.event.ApplicationEventsTestExecutionListener, org.springframework.test.context.support.DependencyInjectionTestExecutionListener, org.springframework.test.context.support.DirtiesContextTestExecutionListener, org.springframework.test.context.transaction.TransactionalTestExecutionListener, org.springframework.test.context.jdbc.SqlScriptsTestExecutionListener, org.springframework.test.context.event.EventPublishingTestExecutionListener]
2025-10-14 09:44:54.803  INFO 8652 --- [    Test worker] .b.t.c.SpringBootTestContextBootstrapper : Using TestExecutionListeners: [org.springframework.test.context.web.ServletTestExecutionListener@475c2f47, org.springframework.test.context.support.DirtiesContextBeforeModesTestExecutionListener@10806dbe, org.springframework.test.context.event.ApplicationEventsTestExecutionListener@4c5d1649, org.springframework.boot.test.mock.mockito.MockitoTestExecutionListener@1695f7cb, org.springframework.boot.test.autoconfigure.SpringBootDependencyInjectionTestExecutionListener@3095c449, org.springframework.test.context.support.DirtiesContextTestExecutionListener@236bb278, org.springframework.test.context.transaction.TransactionalTestExecutionListener@7200702, org.springframework.test.context.jdbc.SqlScriptsTestExecutionListener@3eb29382, org.springframework.test.context.event.EventPublishingTestExecutionListener@209baf91, org.springframework.boot.test.autoconfigure.restdocs.RestDocsTestExecutionListener@5e1d3188, org.springframework.boot.test.autoconfigure.web.client.MockRestServiceServerResetTestExecutionListener@5982255e, org.springframework.boot.test.autoconfigure.web.servlet.MockMvcPrintOnlyOnFailureTestExecutionListener@7306836f, org.springframework.boot.test.autoconfigure.web.servlet.WebDriverTestExecutionListener@e9c5db9, org.springframework.boot.test.autoconfigure.webservices.client.MockWebServiceServerTestExecutionListener@393aac93, org.springframework.boot.test.mock.mockito.ResetMocksTestExecutionListener@71dac63f]
]]></system-out>
  <system-err><![CDATA[]]></system-err>
</testsuite>
