<?xml version="1.0" encoding="UTF-8"?>
<testsuite name="com.example.lesson3.service.OrderServiceTest" tests="10" skipped="0" failures="0" errors="0" timestamp="2025-10-14T02:44:55.697Z" hostname="DEVNTA008" time="0.201">
  <properties/>
  <testcase name="testDeleteOrder()" classname="com.example.lesson3.service.OrderServiceTest" time="0.168"/>
  <testcase name="testUpdateOrderStatus()" classname="com.example.lesson3.service.OrderServiceTest" time="0.004"/>
  <testcase name="testDeleteMultipleOrders()" classname="com.example.lesson3.service.OrderServiceTest" time="0.002"/>
  <testcase name="testCreateOrder_Success()" classname="com.example.lesson3.service.OrderServiceTest" time="0.004"/>
  <testcase name="testGetOrderById()" classname="com.example.lesson3.service.OrderServiceTest" time="0.001"/>
  <testcase name="testFindOrderedProductsToday_Aggregates()" classname="com.example.lesson3.service.OrderServiceTest" time="0.003"/>
  <testcase name="testFindUnpaidOrdersByUser()" classname="com.example.lesson3.service.OrderServiceTest" time="0.002"/>
  <testcase name="testDeleteOrderItem_DeletesOrderWhenLastItem()" classname="com.example.lesson3.service.OrderServiceTest" time="0.002"/>
  <testcase name="testDeleteOrderItem_RecalculatesTotalWhenRemaining()" classname="com.example.lesson3.service.OrderServiceTest" time="0.007"/>
  <testcase name="testCreateOrder_InvalidRequestThrows()" classname="com.example.lesson3.service.OrderServiceTest" time="0.003"/>
  <system-out><![CDATA[request: com.example.lesson3.request.OrderRequest@167da81d
User found: com.example.lesson3.model.User@24c6a471
Store set: com.example.lesson3.model.Store@190677c6
request: null
request: com.example.lesson3.request.OrderRequest@3b8b1ba9
]]></system-out>
  <system-err><![CDATA[]]></system-err>
</testsuite>
