<?xml version="1.0" encoding="UTF-8"?>
<testsuite name="com.example.lesson3.service.CustomUserDetailsServiceTest" tests="2" skipped="0" failures="0" errors="0" timestamp="2025-10-14T02:44:55.663Z" hostname="DEVNTA008" time="0.031">
  <properties/>
  <testcase name="testLoadUserByUsername_Success()" classname="com.example.lesson3.service.CustomUserDetailsServiceTest" time="0.024"/>
  <testcase name="testLoadUserByUsername_UserNotFound()" classname="com.example.lesson3.service.CustomUserDetailsServiceTest" time="0.005"/>
  <system-out><![CDATA[2025-10-14 09:44:55.500  INFO 8652 --- [    Test worker] .b.t.c.SpringBootTestContextBootstrapper : Neither @ContextConfiguration nor @ContextHierarchy found for test class [com.example.lesson3.service.CustomUserDetailsServiceTest], using SpringBootContextLoader
2025-10-14 09:44:55.501  INFO 8652 --- [    Test worker] o.s.t.c.support.AbstractContextLoader    : Could not detect default resource locations for test class [com.example.lesson3.service.CustomUserDetailsServiceTest]: no resource found for suffixes {-context.xml, Context.groovy}.
2025-10-14 09:44:55.502  INFO 8652 --- [    Test worker] t.c.s.AnnotationConfigContextLoaderUtils : Could not detect default configuration classes for test class [com.example.lesson3.service.CustomUserDetailsServiceTest]: CustomUserDetailsServiceTest does not declare any static, non-private, non-final, nested classes annotated with @Configuration.
2025-10-14 09:44:55.514  INFO 8652 --- [    Test worker] .b.t.c.SpringBootTestContextBootstrapper : Found @SpringBootConfiguration com.example.lesson3.Lesson3Application for test class com.example.lesson3.service.CustomUserDetailsServiceTest
2025-10-14 09:44:55.516  INFO 8652 --- [    Test worker] .b.t.c.SpringBootTestContextBootstrapper : Loaded default TestExecutionListener class names from location [META-INF/spring.factories]: [org.springframework.boot.test.autoconfigure.restdocs.RestDocsTestExecutionListener, org.springframework.boot.test.autoconfigure.web.client.MockRestServiceServerResetTestExecutionListener, org.springframework.boot.test.autoconfigure.web.servlet.MockMvcPrintOnlyOnFailureTestExecutionListener, org.springframework.boot.test.autoconfigure.web.servlet.WebDriverTestExecutionListener, org.springframework.boot.test.autoconfigure.webservices.client.MockWebServiceServerTestExecutionListener, org.springframework.boot.test.mock.mockito.MockitoTestExecutionListener, org.springframework.boot.test.mock.mockito.ResetMocksTestExecutionListener, org.springframework.test.context.web.ServletTestExecutionListener, org.springframework.test.context.support.DirtiesContextBeforeModesTestExecutionListener, org.springframework.test.context.event.ApplicationEventsTestExecutionListener, org.springframework.test.context.support.DependencyInjectionTestExecutionListener, org.springframework.test.context.support.DirtiesContextTestExecutionListener, org.springframework.test.context.transaction.TransactionalTestExecutionListener, org.springframework.test.context.jdbc.SqlScriptsTestExecutionListener, org.springframework.test.context.event.EventPublishingTestExecutionListener]
2025-10-14 09:44:55.517  INFO 8652 --- [    Test worker] .b.t.c.SpringBootTestContextBootstrapper : Using TestExecutionListeners: [org.springframework.test.context.web.ServletTestExecutionListener@9be2897, org.springframework.test.context.support.DirtiesContextBeforeModesTestExecutionListener@3e1c566d, org.springframework.test.context.event.ApplicationEventsTestExecutionListener@36ce48bc, org.springframework.boot.test.mock.mockito.MockitoTestExecutionListener@3d287f7c, org.springframework.boot.test.autoconfigure.SpringBootDependencyInjectionTestExecutionListener@45aa02de, org.springframework.test.context.support.DirtiesContextTestExecutionListener@19598b38, org.springframework.test.context.transaction.TransactionalTestExecutionListener@5d16bb07, org.springframework.test.context.jdbc.SqlScriptsTestExecutionListener@233bfc46, org.springframework.test.context.event.EventPublishingTestExecutionListener@3612a60d, org.springframework.boot.test.autoconfigure.restdocs.RestDocsTestExecutionListener@6347ebbc, org.springframework.boot.test.autoconfigure.web.client.MockRestServiceServerResetTestExecutionListener@b61aa50, org.springframework.boot.test.autoconfigure.web.servlet.MockMvcPrintOnlyOnFailureTestExecutionListener@77c4aeb6, org.springframework.boot.test.autoconfigure.web.servlet.WebDriverTestExecutionListener@54455c8d, org.springframework.boot.test.autoconfigure.webservices.client.MockWebServiceServerTestExecutionListener@80347b2, org.springframework.boot.test.mock.mockito.ResetMocksTestExecutionListener@eb65fc8]
]]></system-out>
  <system-err><![CDATA[]]></system-err>
</testsuite>
